Performing C SOURCE FILE Test CMAKE_HAVE_LIBC_PTHREAD failed with the following output:
Change Dir: /home/nitrousoxide/Lab11.0/cmake-build-debug/CMakeFiles/CMakeTmp

Run Build Command(s):/usr/bin/make cmTC_d410f/fast && /usr/bin/make -f CMakeFiles/cmTC_d410f.dir/build.make CMakeFiles/cmTC_d410f.dir/build
make[1]: вход в каталог «/home/nitrousoxide/Lab11.0/cmake-build-debug/CMakeFiles/CMakeTmp»
Building C object CMakeFiles/cmTC_d410f.dir/src.c.o
/usr/bin/cc   -DCMAKE_HAVE_LIBC_PTHREAD   -o CMakeFiles/cmTC_d410f.dir/src.c.o   -c /home/nitrousoxide/Lab11.0/cmake-build-debug/CMakeFiles/CMakeTmp/src.c
Linking C executable cmTC_d410f
/home/nitrousoxide/CLion/clion-2019.2.5/bin/cmake/linux/bin/cmake -E cmake_link_script CMakeFiles/cmTC_d410f.dir/link.txt --verbose=1
/usr/bin/cc  -DCMAKE_HAVE_LIBC_PTHREAD    -rdynamic CMakeFiles/cmTC_d410f.dir/src.c.o  -o cmTC_d410f 
CMakeFiles/cmTC_d410f.dir/src.c.o: In function `main':
src.c:(.text+0x3e): undefined reference to `pthread_create'
src.c:(.text+0x4a): undefined reference to `pthread_detach'
src.c:(.text+0x5b): undefined reference to `pthread_join'
src.c:(.text+0x6f): undefined reference to `pthread_atfork'
collect2: error: ld returned 1 exit status
CMakeFiles/cmTC_d410f.dir/build.make:86: recipe for target 'cmTC_d410f' failed
make[1]: *** [cmTC_d410f] Error 1
make[1]: выход из каталога «/home/nitrousoxide/Lab11.0/cmake-build-debug/CMakeFiles/CMakeTmp»
Makefile:121: recipe for target 'cmTC_d410f/fast' failed
make: *** [cmTC_d410f/fast] Error 2


Source file was:
#include <pthread.h>

void* test_func(void* data)
{
  return data;
}

int main(void)
{
  pthread_t thread;
  pthread_create(&thread, NULL, test_func, NULL);
  pthread_detach(thread);
  pthread_join(thread, NULL);
  pthread_atfork(NULL, NULL, NULL);
  pthread_exit(NULL);

  return 0;
}

